<?xml version="1.0" encoding="UTF-8"?>
<testng-results skipped="0" failed="0" ignored="0" total="1" passed="1">
  <reporter-output>
  </reporter-output>
  <suite name="Default suite" duration-ms="5233" started-at="2021-07-02T23:58:37Z" finished-at="2021-07-02T23:58:42Z">
    <groups>
    </groups>
    <test name="Default test" duration-ms="5233" started-at="2021-07-02T23:58:37Z" finished-at="2021-07-02T23:58:42Z">
      <class name="testCases.DELETE_product">
        <test-method status="PASS" signature="Delete_product()[pri:0, instance:testCases.DELETE_product@d4342c2]" name="Delete_product" duration-ms="5203" started-at="2021-07-02T23:58:37Z" finished-at="2021-07-02T23:58:42Z">
          <reporter-output>
          </reporter-output>
        </test-method> <!-- Delete_product -->
      </class> <!-- testCases.DELETE_product -->
    </test> <!-- Default test -->
  </suite> <!-- Default suite -->
</testng-results>
